java PlayGuessChess 
           ()
         <~~~~>
          \__/
         (____)                    ___/"""
          |  |                    |___ 0 }
          |  |    *************      /   }
          |__|    *GUESS CHESS*    /~    }
         /____\   *************    \____/
        (______)                   /____\
       (________)                 (______)

  _ _ _ _ _ _ _ _
8|_|_|_|_|_|_|_|_|
7|_|_|_|_|_|_|_|_|
6|_|_|_|_|_|_|_|_|
5|_|_|_|_|_|_|_|_|
4|_|_|_|_|_|_|_|_|
3|_|_|_|_|_|_|_|_|
2|_|_|_|_|_|_|_|_|
1|_|_|_|_|_|_|_|_|
  a b c d e f g h 

You have 3 attempts left. Guess field (e.g. b3): d5

d5 was wrong. Hints: GO RIGHT! GO DOWN! 
  _ _ _ _ _ _ _ _
8|_|_|_|_|_|_|_|_|
7|_|_|_|_|_|_|_|_|
6|_|_|_|_|_|_|_|_|
5|_|_|_|X|_|_|_|_|
4|_|_|_|_|_|_|_|_|
3|_|_|_|_|_|_|_|_|
2|_|_|_|_|_|_|_|_|
1|_|_|_|_|_|_|_|_|
  a b c d e f g h 
You have 2 attempts left. Guess field (e.g. b3): f3

f3 was wrong. Hints: GO LEFT! GO UP! 
  _ _ _ _ _ _ _ _
8|_|_|_|_|_|_|_|_|
7|_|_|_|_|_|_|_|_|
6|_|_|_|_|_|_|_|_|
5|_|_|_|_|_|_|_|_|
4|_|_|_|_|_|_|_|_|
3|_|_|_|_|_|X|_|_|
2|_|_|_|_|_|_|_|_|
1|_|_|_|_|_|_|_|_|
  a b c d e f g h 
You have 1 attempts left. Guess field (e.g. b3): e4

That was right! You win!
  _ _ _ _ _ _ _ _
8|_|_|_|_|_|_|_|_|
7|_|_|_|_|_|_|_|_|
6|_|_|_|_|_|_|_|_|
5|_|_|_|_|_|_|_|_|
4|_|_|_|_|X|_|_|_|
3|_|_|_|_|_|_|_|_|
2|_|_|_|_|_|_|_|_|
1|_|_|_|_|_|_|_|_|
  a b c d e f g h 
Play another round (y or n)? y
  _ _ _ _ _ _ _ _
8|_|_|_|_|_|_|_|_|
7|_|_|_|_|_|_|_|_|
6|_|_|_|_|_|_|_|_|
5|_|_|_|_|_|_|_|_|
4|_|_|_|_|_|_|_|_|
3|_|_|_|_|_|_|_|_|
2|_|_|_|_|_|_|_|_|
1|_|_|_|_|_|_|_|_|
  a b c d e f g h 

You have 3 attempts left. Guess field (e.g. b3): d5

d5 was wrong. Hints: GO LEFT! GO UP! 
  _ _ _ _ _ _ _ _
8|_|_|_|_|_|_|_|_|
7|_|_|_|_|_|_|_|_|
6|_|_|_|_|_|_|_|_|
5|_|_|_|X|_|_|_|_|
4|_|_|_|_|_|_|_|_|
3|_|_|_|_|_|_|_|_|
2|_|_|_|_|_|_|_|_|
1|_|_|_|_|_|_|_|_|
  a b c d e f g h 
You have 2 attempts left. Guess field (e.g. b3): b7

b7 was wrong. Hints: GO LEFT! 
  _ _ _ _ _ _ _ _
8|_|_|_|_|_|_|_|_|
7|_|X|_|_|_|_|_|_|
6|_|_|_|_|_|_|_|_|
5|_|_|_|_|_|_|_|_|
4|_|_|_|_|_|_|_|_|
3|_|_|_|_|_|_|_|_|
2|_|_|_|_|_|_|_|_|
1|_|_|_|_|_|_|_|_|
  a b c d e f g h 
You have 1 attempts left. Guess field (e.g. b3): a7

That was right! You win!
  _ _ _ _ _ _ _ _
8|_|_|_|_|_|_|_|_|
7|X|_|_|_|_|_|_|_|
6|_|_|_|_|_|_|_|_|
5|_|_|_|_|_|_|_|_|
4|_|_|_|_|_|_|_|_|
3|_|_|_|_|_|_|_|_|
2|_|_|_|_|_|_|_|_|
1|_|_|_|_|_|_|_|_|
  a b c d e f g h 
Play another round (y or n)? n
GAME OVER!
Final score: you won 2 out of 2 rounds.

